<?xml version="1.0" encoding="UTF-8"?>
<!-- Generated by org.testng.reporters.JUnitReportReporter -->
<testsuite hostname="DESKTOP-S72715A" failures="0" tests="1" name="TestScripts.testcase1" time="55.304" errors="0" timestamp="2022-04-09T14:16:17 IST" skipped="0">
  <testcase classname="TestScripts.testcase1" name="tc1" time="55.304"/>
  <system-out/>
</testsuite> <!-- TestScripts.testcase1 -->
